[2024-11-12 09:28:27,312: INFO/MainProcess] beat: Starting...
[2024-11-12 09:28:27,312: INFO/MainProcess] Writing entries...
[2024-11-12 09:28:27,661: INFO/MainProcess] DatabaseScheduler: Schedule changed.
[2024-11-12 09:28:27,661: INFO/MainProcess] Writing entries...
[2024-11-12 09:28:32,793: INFO/MainProcess] Writing entries...
[2024-11-12 09:31:33,422: INFO/MainProcess] Writing entries...
[2024-11-12 09:34:34,007: INFO/MainProcess] Writing entries...
[2024-11-12 09:37:34,550: INFO/MainProcess] Writing entries...
[2024-11-12 09:40:35,122: INFO/MainProcess] Writing entries...
[2024-11-12 09:43:35,678: INFO/MainProcess] Writing entries...
[2024-11-12 09:46:36,237: INFO/MainProcess] Writing entries...
[2024-11-12 09:47:26,808: INFO/MainProcess] Writing entries...
[2024-11-12 09:47:26,818: INFO/MainProcess] Writing entries...
[2024-11-12 09:47:26,820: INFO/MainProcess] Writing entries...
[2024-11-12 09:47:26,821: INFO/MainProcess] Writing entries...
[2024-11-12 09:47:41,416: INFO/MainProcess] beat: Starting...
[2024-11-12 09:47:41,416: INFO/MainProcess] Writing entries...
[2024-11-12 09:47:41,777: INFO/MainProcess] DatabaseScheduler: Schedule changed.
[2024-11-12 09:47:41,777: INFO/MainProcess] Writing entries...
[2024-11-12 09:47:46,965: INFO/MainProcess] Writing entries...
[2024-11-12 09:50:47,589: INFO/MainProcess] Writing entries...
[2024-11-12 09:53:48,159: INFO/MainProcess] Writing entries...
[2024-11-12 09:56:48,774: INFO/MainProcess] Writing entries...
[2024-11-12 09:59:49,434: INFO/MainProcess] Writing entries...
[2024-11-12 10:02:50,094: INFO/MainProcess] Writing entries...
[2024-11-12 10:05:50,686: INFO/MainProcess] Writing entries...
[2024-11-12 10:08:53,577: INFO/MainProcess] Writing entries...
[2024-11-12 10:11:54,162: INFO/MainProcess] Writing entries...
[2024-11-12 10:13:05,408: INFO/MainProcess] Writing entries...
[2024-11-12 10:13:05,426: INFO/MainProcess] Writing entries...
[2024-11-12 10:13:05,429: INFO/MainProcess] Writing entries...
[2024-11-12 10:13:05,430: INFO/MainProcess] Writing entries...
[2024-11-12 10:15:32,586: INFO/MainProcess] beat: Starting...
[2024-11-12 10:15:32,587: INFO/MainProcess] Writing entries...
[2024-11-12 10:15:33,096: INFO/MainProcess] DatabaseScheduler: Schedule changed.
[2024-11-12 10:15:33,097: INFO/MainProcess] Writing entries...
[2024-11-12 10:15:38,263: INFO/MainProcess] Writing entries...
[2024-11-12 10:18:38,992: INFO/MainProcess] Writing entries...
[2024-11-12 10:20:19,435: INFO/MainProcess] Writing entries...
[2024-11-12 10:20:19,438: INFO/MainProcess] Writing entries...
[2024-11-12 10:20:19,439: INFO/MainProcess] Writing entries...
[2024-11-12 10:20:19,439: INFO/MainProcess] Writing entries...
[2024-11-12 10:20:31,993: INFO/MainProcess] beat: Starting...
[2024-11-12 10:20:32,010: INFO/MainProcess] Writing entries...
[2024-11-12 10:20:32,676: INFO/MainProcess] DatabaseScheduler: Schedule changed.
[2024-11-12 10:20:32,677: INFO/MainProcess] Writing entries...
[2024-11-12 10:20:37,826: INFO/MainProcess] Writing entries...
[2024-11-12 10:23:38,441: INFO/MainProcess] Writing entries...
[2024-11-12 10:26:32,581: INFO/MainProcess] Writing entries...
[2024-11-12 10:26:32,581: INFO/MainProcess] Writing entries...
[2024-11-12 10:26:32,581: INFO/MainProcess] Writing entries...
[2024-11-12 10:26:32,581: INFO/MainProcess] Writing entries...
[2024-11-12 10:27:35,126: INFO/MainProcess] beat: Starting...
[2024-11-12 10:27:35,141: INFO/MainProcess] Writing entries...
[2024-11-12 10:27:35,784: INFO/MainProcess] DatabaseScheduler: Schedule changed.
[2024-11-12 10:27:35,785: INFO/MainProcess] Writing entries...
[2024-11-12 10:27:40,914: INFO/MainProcess] Writing entries...
[2024-11-12 10:30:41,564: INFO/MainProcess] Writing entries...
[2024-11-12 10:33:42,144: INFO/MainProcess] Writing entries...
[2024-11-12 10:36:42,760: INFO/MainProcess] Writing entries...
[2024-11-12 10:39:43,282: INFO/MainProcess] Writing entries...
[2024-11-12 10:42:43,852: INFO/MainProcess] Writing entries...
[2024-11-12 10:45:44,572: INFO/MainProcess] Writing entries...
[2024-11-12 10:48:45,070: INFO/MainProcess] Writing entries...
[2024-11-12 10:51:45,831: INFO/MainProcess] Writing entries...
[2024-11-12 10:54:46,324: INFO/MainProcess] Writing entries...
[2024-11-12 10:57:46,827: INFO/MainProcess] Writing entries...
[2024-11-12 11:00:47,415: INFO/MainProcess] Writing entries...
[2024-11-12 11:03:47,946: INFO/MainProcess] Writing entries...
[2024-11-12 11:06:48,444: INFO/MainProcess] Writing entries...
[2024-11-12 11:09:48,967: INFO/MainProcess] Writing entries...
[2024-11-12 11:12:49,468: INFO/MainProcess] Writing entries...
[2024-11-12 11:15:49,969: INFO/MainProcess] Writing entries...
[2024-11-12 11:18:50,470: INFO/MainProcess] Writing entries...
[2024-11-12 11:21:51,001: INFO/MainProcess] Writing entries...
[2024-11-12 11:24:51,518: INFO/MainProcess] Writing entries...
[2024-11-12 11:27:52,010: INFO/MainProcess] Writing entries...
[2024-11-12 11:30:52,499: INFO/MainProcess] Writing entries...
[2024-11-12 11:33:52,990: INFO/MainProcess] Writing entries...
[2024-11-12 11:36:53,487: INFO/MainProcess] Writing entries...
[2024-11-12 11:39:53,976: INFO/MainProcess] Writing entries...
[2024-11-12 11:42:54,519: INFO/MainProcess] Writing entries...
[2024-11-12 11:45:55,044: INFO/MainProcess] Writing entries...
[2024-11-12 11:48:55,518: INFO/MainProcess] Writing entries...
[2024-11-12 11:51:56,028: INFO/MainProcess] Writing entries...
[2024-11-12 11:54:57,510: INFO/MainProcess] Writing entries...
[2024-11-12 11:57:58,018: INFO/MainProcess] Writing entries...
[2024-11-12 12:00:58,509: INFO/MainProcess] Writing entries...
[2024-11-12 12:03:59,002: INFO/MainProcess] Writing entries...
[2024-11-12 12:06:59,503: INFO/MainProcess] Writing entries...
[2024-11-12 12:10:00,002: INFO/MainProcess] Writing entries...
[2024-11-12 12:13:00,504: INFO/MainProcess] Writing entries...
[2024-11-12 12:16:00,981: INFO/MainProcess] Writing entries...
[2024-11-12 12:19:01,466: INFO/MainProcess] Writing entries...
[2024-11-12 12:22:01,993: INFO/MainProcess] Writing entries...
[2024-11-12 12:25:02,493: INFO/MainProcess] Writing entries...
[2024-11-12 12:28:02,986: INFO/MainProcess] Writing entries...
[2024-11-12 12:31:03,470: INFO/MainProcess] Writing entries...
[2024-11-12 12:34:03,980: INFO/MainProcess] Writing entries...
[2024-11-12 12:37:04,468: INFO/MainProcess] Writing entries...
[2024-11-12 12:40:04,956: INFO/MainProcess] Writing entries...
[2024-11-12 12:43:05,476: INFO/MainProcess] Writing entries...
[2024-11-12 12:46:05,962: INFO/MainProcess] Writing entries...
[2024-11-12 12:49:06,442: INFO/MainProcess] Writing entries...
[2024-11-12 12:52:06,931: INFO/MainProcess] Writing entries...
[2024-11-12 12:55:07,405: INFO/MainProcess] Writing entries...
[2024-11-12 12:58:07,901: INFO/MainProcess] Writing entries...
[2024-11-12 13:01:08,408: INFO/MainProcess] Writing entries...
[2024-11-12 13:04:08,895: INFO/MainProcess] Writing entries...
[2024-11-12 13:07:09,401: INFO/MainProcess] Writing entries...
[2024-11-12 13:10:09,878: INFO/MainProcess] Writing entries...
[2024-11-12 13:13:10,389: INFO/MainProcess] Writing entries...
[2024-11-12 13:16:10,850: INFO/MainProcess] Writing entries...
[2024-11-12 13:19:11,346: INFO/MainProcess] Writing entries...
[2024-11-12 13:22:11,828: INFO/MainProcess] Writing entries...
[2024-11-12 13:25:12,311: INFO/MainProcess] Writing entries...
[2024-11-12 13:28:12,844: INFO/MainProcess] Writing entries...
[2024-11-12 13:31:13,334: INFO/MainProcess] Writing entries...
[2024-11-12 13:34:13,840: INFO/MainProcess] Writing entries...
[2024-11-12 13:37:14,353: INFO/MainProcess] Writing entries...
[2024-11-12 13:40:14,830: INFO/MainProcess] Writing entries...
[2024-11-12 13:43:15,326: INFO/MainProcess] Writing entries...
[2024-11-12 13:46:15,833: INFO/MainProcess] Writing entries...
[2024-11-12 13:49:16,346: INFO/MainProcess] Writing entries...
[2024-11-12 13:52:16,839: INFO/MainProcess] Writing entries...
[2024-11-12 13:55:17,343: INFO/MainProcess] Writing entries...
[2024-11-12 13:58:17,838: INFO/MainProcess] Writing entries...
[2024-11-12 14:01:18,322: INFO/MainProcess] Writing entries...
[2024-11-12 14:04:18,836: INFO/MainProcess] Writing entries...
[2024-11-12 14:07:19,314: INFO/MainProcess] Writing entries...
[2024-11-12 14:10:19,820: INFO/MainProcess] Writing entries...
[2024-11-12 14:13:20,293: INFO/MainProcess] Writing entries...
[2024-11-12 14:16:20,789: INFO/MainProcess] Writing entries...
[2024-11-12 14:19:21,286: INFO/MainProcess] Writing entries...
[2024-11-12 14:22:21,745: INFO/MainProcess] Writing entries...
[2024-11-12 14:25:22,218: INFO/MainProcess] Writing entries...
[2024-11-12 14:28:22,705: INFO/MainProcess] Writing entries...
[2024-11-12 14:31:23,253: INFO/MainProcess] Writing entries...
[2024-11-12 14:34:23,778: INFO/MainProcess] Writing entries...
[2024-11-12 14:37:24,264: INFO/MainProcess] Writing entries...
[2024-11-12 14:40:24,777: INFO/MainProcess] Writing entries...
[2024-11-12 14:43:25,260: INFO/MainProcess] Writing entries...
[2024-11-12 14:46:25,802: INFO/MainProcess] Writing entries...
[2024-11-12 14:49:26,306: INFO/MainProcess] Writing entries...
[2024-11-12 14:52:26,804: INFO/MainProcess] Writing entries...
[2024-11-12 14:55:27,299: INFO/MainProcess] Writing entries...
[2024-11-12 14:58:27,802: INFO/MainProcess] Writing entries...
[2024-11-12 15:01:28,272: INFO/MainProcess] Writing entries...
[2024-11-12 15:04:28,768: INFO/MainProcess] Writing entries...
[2024-11-12 15:07:29,251: INFO/MainProcess] Writing entries...
[2024-11-12 15:10:29,738: INFO/MainProcess] Writing entries...
[2024-11-12 15:13:30,201: INFO/MainProcess] Writing entries...
[2024-11-12 15:16:30,724: INFO/MainProcess] Writing entries...
[2024-11-12 15:19:31,222: INFO/MainProcess] Writing entries...
[2024-11-12 15:22:31,699: INFO/MainProcess] Writing entries...
[2024-11-12 15:25:32,172: INFO/MainProcess] Writing entries...
[2024-11-12 15:28:32,678: INFO/MainProcess] Writing entries...
[2024-11-12 15:31:33,171: INFO/MainProcess] Writing entries...
[2024-11-12 15:34:33,654: INFO/MainProcess] Writing entries...
[2024-11-12 15:37:34,141: INFO/MainProcess] Writing entries...
[2024-11-12 15:40:34,632: INFO/MainProcess] Writing entries...
[2024-11-12 15:43:35,142: INFO/MainProcess] Writing entries...
[2024-11-12 15:46:35,665: INFO/MainProcess] Writing entries...
[2024-11-12 15:49:36,155: INFO/MainProcess] Writing entries...
[2024-11-12 15:52:36,654: INFO/MainProcess] Writing entries...
[2024-11-12 15:55:37,195: INFO/MainProcess] Writing entries...
[2024-11-12 15:58:37,682: INFO/MainProcess] Writing entries...
[2024-11-12 16:01:38,180: INFO/MainProcess] Writing entries...
[2024-11-12 16:04:38,670: INFO/MainProcess] Writing entries...
[2024-11-12 16:07:39,171: INFO/MainProcess] Writing entries...
[2024-11-12 16:10:39,651: INFO/MainProcess] Writing entries...
[2024-11-12 16:13:40,139: INFO/MainProcess] Writing entries...
[2024-11-12 16:16:40,614: INFO/MainProcess] Writing entries...
[2024-11-12 16:19:41,114: INFO/MainProcess] Writing entries...
[2024-11-12 16:22:41,650: INFO/MainProcess] Writing entries...
[2024-11-12 16:25:42,133: INFO/MainProcess] Writing entries...
[2024-11-12 16:28:42,676: INFO/MainProcess] Writing entries...
[2024-11-12 16:31:43,194: INFO/MainProcess] Writing entries...
[2024-11-12 16:34:43,694: INFO/MainProcess] Writing entries...
[2024-11-12 16:37:44,202: INFO/MainProcess] Writing entries...
[2024-11-12 16:40:44,691: INFO/MainProcess] Writing entries...
[2024-11-12 16:43:45,172: INFO/MainProcess] Writing entries...
[2024-11-12 16:46:45,677: INFO/MainProcess] Writing entries...
[2024-11-12 16:49:46,159: INFO/MainProcess] Writing entries...
[2024-11-12 16:52:46,630: INFO/MainProcess] Writing entries...
[2024-11-12 16:55:47,105: INFO/MainProcess] Writing entries...
[2024-11-12 16:58:47,602: INFO/MainProcess] Writing entries...
[2024-11-12 17:01:48,117: INFO/MainProcess] Writing entries...
[2024-11-12 17:04:48,604: INFO/MainProcess] Writing entries...
[2024-11-12 17:07:49,106: INFO/MainProcess] Writing entries...
[2024-11-12 17:10:49,589: INFO/MainProcess] Writing entries...
[2024-11-12 17:13:50,089: INFO/MainProcess] Writing entries...
[2024-11-12 17:16:50,568: INFO/MainProcess] Writing entries...
[2024-11-12 17:19:51,014: INFO/MainProcess] Writing entries...
[2024-11-12 17:22:51,560: INFO/MainProcess] Writing entries...
[2024-11-12 17:25:52,075: INFO/MainProcess] Writing entries...
[2024-11-12 17:28:52,592: INFO/MainProcess] Writing entries...
[2024-11-12 17:31:53,077: INFO/MainProcess] Writing entries...
[2024-11-12 17:34:53,629: INFO/MainProcess] Writing entries...
[2024-11-12 17:37:54,132: INFO/MainProcess] Writing entries...
[2024-11-12 17:40:54,628: INFO/MainProcess] Writing entries...
[2024-11-12 17:43:55,127: INFO/MainProcess] Writing entries...
[2024-11-12 17:46:55,601: INFO/MainProcess] Writing entries...
[2024-11-12 17:49:56,055: INFO/MainProcess] Writing entries...
[2024-11-12 17:52:56,574: INFO/MainProcess] Writing entries...
[2024-11-12 17:55:57,057: INFO/MainProcess] Writing entries...
[2024-11-12 17:58:57,605: INFO/MainProcess] Writing entries...
[2024-11-12 18:01:58,086: INFO/MainProcess] Writing entries...
[2024-11-12 18:04:58,606: INFO/MainProcess] Writing entries...
[2024-11-12 18:07:59,094: INFO/MainProcess] Writing entries...
[2024-11-12 18:10:59,569: INFO/MainProcess] Writing entries...
[2024-11-12 18:14:00,063: INFO/MainProcess] Writing entries...
[2024-11-12 18:17:00,616: INFO/MainProcess] Writing entries...
[2024-11-12 18:20:01,107: INFO/MainProcess] Writing entries...
[2024-11-12 18:23:01,588: INFO/MainProcess] Writing entries...
[2024-11-12 18:26:02,064: INFO/MainProcess] Writing entries...
[2024-11-12 18:29:02,562: INFO/MainProcess] Writing entries...
[2024-11-12 18:32:03,054: INFO/MainProcess] Writing entries...
[2024-11-12 18:35:03,557: INFO/MainProcess] Writing entries...
[2024-11-12 18:38:04,026: INFO/MainProcess] Writing entries...
[2024-11-12 18:41:04,499: INFO/MainProcess] Writing entries...
[2024-11-12 18:44:04,982: INFO/MainProcess] Writing entries...
[2024-11-12 18:47:05,474: INFO/MainProcess] Writing entries...
[2024-11-12 18:50:05,966: INFO/MainProcess] Writing entries...
[2024-11-12 18:53:06,482: INFO/MainProcess] Writing entries...
[2024-11-12 18:56:06,984: INFO/MainProcess] Writing entries...
[2024-11-12 18:59:07,478: INFO/MainProcess] Writing entries...
[2024-11-12 19:02:07,976: INFO/MainProcess] Writing entries...
[2024-11-12 19:05:08,492: INFO/MainProcess] Writing entries...
[2024-11-12 19:08:08,970: INFO/MainProcess] Writing entries...
[2024-11-12 19:11:09,449: INFO/MainProcess] Writing entries...
[2024-11-12 19:14:09,923: INFO/MainProcess] Writing entries...
[2024-11-12 19:17:10,423: INFO/MainProcess] Writing entries...
[2024-11-12 19:20:10,902: INFO/MainProcess] Writing entries...
[2024-11-12 19:23:11,392: INFO/MainProcess] Writing entries...
[2024-11-12 19:26:11,879: INFO/MainProcess] Writing entries...
[2024-11-12 19:29:12,450: INFO/MainProcess] Writing entries...
[2024-11-12 19:32:12,947: INFO/MainProcess] Writing entries...
[2024-11-12 19:35:13,438: INFO/MainProcess] Writing entries...
[2024-11-12 19:38:13,904: INFO/MainProcess] Writing entries...
[2024-11-12 19:41:14,398: INFO/MainProcess] Writing entries...
[2024-11-12 19:44:14,874: INFO/MainProcess] Writing entries...
[2024-11-12 19:47:15,386: INFO/MainProcess] Writing entries...
[2024-11-12 19:50:15,853: INFO/MainProcess] Writing entries...
[2024-11-12 19:53:16,356: INFO/MainProcess] Writing entries...
[2024-11-12 19:56:16,860: INFO/MainProcess] Writing entries...
[2024-11-12 19:59:17,366: INFO/MainProcess] Writing entries...
[2024-11-12 20:02:17,859: INFO/MainProcess] Writing entries...
[2024-11-12 20:05:18,330: INFO/MainProcess] Writing entries...
[2024-11-12 20:08:18,855: INFO/MainProcess] Writing entries...
[2024-11-12 20:11:19,400: INFO/MainProcess] Writing entries...
[2024-11-12 20:14:19,928: INFO/MainProcess] Writing entries...
[2024-11-12 20:17:20,416: INFO/MainProcess] Writing entries...
[2024-11-12 20:20:20,906: INFO/MainProcess] Writing entries...
[2024-11-12 20:23:21,416: INFO/MainProcess] Writing entries...
[2024-11-12 20:26:21,888: INFO/MainProcess] Writing entries...
[2024-11-12 20:29:22,382: INFO/MainProcess] Writing entries...
[2024-11-12 20:32:22,878: INFO/MainProcess] Writing entries...
[2024-11-12 20:35:23,350: INFO/MainProcess] Writing entries...
[2024-11-12 20:38:23,878: INFO/MainProcess] Writing entries...
[2024-11-12 20:41:24,354: INFO/MainProcess] Writing entries...
[2024-11-12 20:44:24,814: INFO/MainProcess] Writing entries...
[2024-11-12 20:47:25,288: INFO/MainProcess] Writing entries...
[2024-11-12 20:50:25,783: INFO/MainProcess] Writing entries...
[2024-11-12 20:53:26,315: INFO/MainProcess] Writing entries...
[2024-11-12 20:56:26,779: INFO/MainProcess] Writing entries...
[2024-11-12 20:59:27,283: INFO/MainProcess] Writing entries...
[2024-11-12 21:02:27,763: INFO/MainProcess] Writing entries...
[2024-11-12 21:05:28,289: INFO/MainProcess] Writing entries...
[2024-11-12 21:08:28,781: INFO/MainProcess] Writing entries...
[2024-11-12 21:11:29,345: INFO/MainProcess] Writing entries...
[2024-11-12 21:14:29,913: INFO/MainProcess] Writing entries...
[2024-11-12 21:17:30,398: INFO/MainProcess] Writing entries...
[2024-11-12 21:20:30,906: INFO/MainProcess] Writing entries...
[2024-11-12 21:23:31,419: INFO/MainProcess] Writing entries...
[2024-11-12 21:26:31,903: INFO/MainProcess] Writing entries...
[2024-11-12 21:29:32,409: INFO/MainProcess] Writing entries...
[2024-11-12 21:32:32,912: INFO/MainProcess] Writing entries...
[2024-11-12 21:35:33,434: INFO/MainProcess] Writing entries...
[2024-11-12 21:38:33,913: INFO/MainProcess] Writing entries...
[2024-11-12 21:41:34,365: INFO/MainProcess] Writing entries...
[2024-11-12 21:44:34,852: INFO/MainProcess] Writing entries...
[2024-11-12 21:47:35,342: INFO/MainProcess] Writing entries...
[2024-11-12 21:50:35,844: INFO/MainProcess] Writing entries...
[2024-11-12 21:53:36,320: INFO/MainProcess] Writing entries...
[2024-11-12 21:56:36,838: INFO/MainProcess] Writing entries...
[2024-11-12 21:59:37,342: INFO/MainProcess] Writing entries...
[2024-11-12 22:02:37,844: INFO/MainProcess] Writing entries...
[2024-11-12 22:05:38,316: INFO/MainProcess] Writing entries...
[2024-11-12 22:08:38,812: INFO/MainProcess] Writing entries...
[2024-11-12 22:11:39,284: INFO/MainProcess] Writing entries...
[2024-11-12 22:14:39,789: INFO/MainProcess] Writing entries...
[2024-11-12 22:17:40,265: INFO/MainProcess] Writing entries...
[2024-11-12 22:20:40,781: INFO/MainProcess] Writing entries...
[2024-11-12 22:23:41,294: INFO/MainProcess] Writing entries...
[2024-11-12 22:26:41,792: INFO/MainProcess] Writing entries...
[2024-11-12 22:29:42,296: INFO/MainProcess] Writing entries...
[2024-11-12 22:32:42,769: INFO/MainProcess] Writing entries...
[2024-11-12 22:35:43,265: INFO/MainProcess] Writing entries...
[2024-11-12 22:38:43,754: INFO/MainProcess] Writing entries...
[2024-11-12 22:41:44,280: INFO/MainProcess] Writing entries...
[2024-11-12 22:44:44,813: INFO/MainProcess] Writing entries...
[2024-11-12 22:47:45,316: INFO/MainProcess] Writing entries...
[2024-11-12 22:50:45,792: INFO/MainProcess] Writing entries...
[2024-11-12 22:53:46,304: INFO/MainProcess] Writing entries...
[2024-11-12 22:56:46,830: INFO/MainProcess] Writing entries...
[2024-11-12 22:59:47,310: INFO/MainProcess] Writing entries...
[2024-11-12 23:02:47,778: INFO/MainProcess] Writing entries...
[2024-11-12 23:05:48,277: INFO/MainProcess] Writing entries...
[2024-11-12 23:08:48,773: INFO/MainProcess] Writing entries...
[2024-11-12 23:11:49,273: INFO/MainProcess] Writing entries...
[2024-11-12 23:14:49,738: INFO/MainProcess] Writing entries...
[2024-11-12 23:17:50,213: INFO/MainProcess] Writing entries...
[2024-11-12 23:20:50,744: INFO/MainProcess] Writing entries...
[2024-11-12 23:23:51,233: INFO/MainProcess] Writing entries...
[2024-11-12 23:26:51,690: INFO/MainProcess] Writing entries...
[2024-11-12 23:29:52,185: INFO/MainProcess] Writing entries...
[2024-11-12 23:32:52,653: INFO/MainProcess] Writing entries...
[2024-11-12 23:35:53,137: INFO/MainProcess] Writing entries...
[2024-11-12 23:38:53,645: INFO/MainProcess] Writing entries...
[2024-11-12 23:41:54,178: INFO/MainProcess] Writing entries...
[2024-11-12 23:44:54,674: INFO/MainProcess] Writing entries...
[2024-11-12 23:47:55,174: INFO/MainProcess] Writing entries...
[2024-11-12 23:50:55,649: INFO/MainProcess] Writing entries...
[2024-11-12 23:53:56,130: INFO/MainProcess] Writing entries...
[2024-11-12 23:56:56,626: INFO/MainProcess] Writing entries...
[2024-11-12 23:59:57,134: INFO/MainProcess] Writing entries...
[2024-11-13 00:00:00,064: INFO/MainProcess] Scheduler: Sending due task alert_monitored_products_daily (vulns.tasks.email_daily_report_task)
[2024-11-13 00:03:00,599: INFO/MainProcess] Writing entries...
[2024-11-13 00:06:01,123: INFO/MainProcess] Writing entries...
[2024-11-13 00:09:01,602: INFO/MainProcess] Writing entries...
[2024-11-13 00:12:02,088: INFO/MainProcess] Writing entries...
[2024-11-13 00:15:02,591: INFO/MainProcess] Writing entries...
[2024-11-13 00:18:03,061: INFO/MainProcess] Writing entries...
[2024-11-13 00:21:03,598: INFO/MainProcess] Writing entries...
[2024-11-13 00:24:04,100: INFO/MainProcess] Writing entries...
[2024-11-13 00:27:04,590: INFO/MainProcess] Writing entries...
[2024-11-13 00:30:05,123: INFO/MainProcess] Writing entries...
[2024-11-13 00:33:05,610: INFO/MainProcess] Writing entries...
[2024-11-13 00:36:06,102: INFO/MainProcess] Writing entries...
[2024-11-13 00:39:06,584: INFO/MainProcess] Writing entries...
[2024-11-13 00:42:07,178: INFO/MainProcess] Writing entries...
[2024-11-13 00:45:07,672: INFO/MainProcess] Writing entries...
[2024-11-13 00:48:08,174: INFO/MainProcess] Writing entries...
[2024-11-13 00:51:08,678: INFO/MainProcess] Writing entries...
[2024-11-13 00:54:09,154: INFO/MainProcess] Writing entries...
[2024-11-13 00:57:09,662: INFO/MainProcess] Writing entries...
[2024-11-13 01:00:10,144: INFO/MainProcess] Writing entries...
[2024-11-13 01:03:10,616: INFO/MainProcess] Writing entries...
[2024-11-13 01:06:11,130: INFO/MainProcess] Writing entries...
[2024-11-13 01:09:11,642: INFO/MainProcess] Writing entries...
[2024-11-13 01:12:12,176: INFO/MainProcess] Writing entries...
[2024-11-13 01:15:12,676: INFO/MainProcess] Writing entries...
[2024-11-13 01:18:13,166: INFO/MainProcess] Writing entries...
[2024-11-13 01:21:13,684: INFO/MainProcess] Writing entries...
[2024-11-13 01:24:14,154: INFO/MainProcess] Writing entries...
[2024-11-13 01:27:14,632: INFO/MainProcess] Writing entries...
[2024-11-13 01:30:15,165: INFO/MainProcess] Writing entries...
[2024-11-13 01:33:15,636: INFO/MainProcess] Writing entries...
[2024-11-13 01:36:16,122: INFO/MainProcess] Writing entries...
[2024-11-13 01:39:16,607: INFO/MainProcess] Writing entries...
[2024-11-13 01:42:17,110: INFO/MainProcess] Writing entries...
[2024-11-13 01:45:17,617: INFO/MainProcess] Writing entries...
[2024-11-13 01:48:18,130: INFO/MainProcess] Writing entries...
[2024-11-13 01:51:18,670: INFO/MainProcess] Writing entries...
[2024-11-13 01:54:19,138: INFO/MainProcess] Writing entries...
[2024-11-13 01:57:19,619: INFO/MainProcess] Writing entries...
[2024-11-13 02:00:20,097: INFO/MainProcess] Writing entries...
[2024-11-13 02:03:20,587: INFO/MainProcess] Writing entries...
[2024-11-13 02:06:21,071: INFO/MainProcess] Writing entries...
[2024-11-13 02:09:21,539: INFO/MainProcess] Writing entries...
[2024-11-13 02:12:22,017: INFO/MainProcess] Writing entries...
[2024-11-13 02:15:22,513: INFO/MainProcess] Writing entries...
[2024-11-13 02:18:23,022: INFO/MainProcess] Writing entries...
[2024-11-13 02:21:23,598: INFO/MainProcess] Writing entries...
[2024-11-13 02:24:24,096: INFO/MainProcess] Writing entries...
[2024-11-13 02:27:24,615: INFO/MainProcess] Writing entries...
[2024-11-13 02:30:25,094: INFO/MainProcess] Writing entries...
[2024-11-13 02:33:25,576: INFO/MainProcess] Writing entries...
[2024-11-13 02:36:26,062: INFO/MainProcess] Writing entries...
[2024-11-13 02:39:26,548: INFO/MainProcess] Writing entries...
[2024-11-13 02:42:27,007: INFO/MainProcess] Writing entries...
[2024-11-13 02:45:27,502: INFO/MainProcess] Writing entries...
[2024-11-13 02:48:28,002: INFO/MainProcess] Writing entries...
[2024-11-13 02:51:28,497: INFO/MainProcess] Writing entries...
[2024-11-13 02:54:28,992: INFO/MainProcess] Writing entries...
[2024-11-13 02:57:29,514: INFO/MainProcess] Writing entries...
[2024-11-13 03:00:30,024: INFO/MainProcess] Writing entries...
[2024-11-13 03:03:30,526: INFO/MainProcess] Writing entries...
[2024-11-13 03:06:31,021: INFO/MainProcess] Writing entries...
[2024-11-13 03:09:31,512: INFO/MainProcess] Writing entries...
[2024-11-13 03:12:32,014: INFO/MainProcess] Writing entries...
[2024-11-13 03:15:32,518: INFO/MainProcess] Writing entries...
[2024-11-13 03:18:32,998: INFO/MainProcess] Writing entries...
[2024-11-13 03:21:33,530: INFO/MainProcess] Writing entries...
[2024-11-13 03:24:34,067: INFO/MainProcess] Writing entries...
[2024-11-13 03:27:34,574: INFO/MainProcess] Writing entries...
[2024-11-13 03:30:35,067: INFO/MainProcess] Writing entries...
[2024-11-13 03:33:35,578: INFO/MainProcess] Writing entries...
[2024-11-13 03:36:36,079: INFO/MainProcess] Writing entries...
[2024-11-13 03:39:36,530: INFO/MainProcess] Writing entries...
[2024-11-13 03:42:37,050: INFO/MainProcess] Writing entries...
[2024-11-13 03:45:37,608: INFO/MainProcess] Writing entries...
[2024-11-13 03:48:38,115: INFO/MainProcess] Writing entries...
[2024-11-13 03:51:38,606: INFO/MainProcess] Writing entries...
[2024-11-13 03:54:39,092: INFO/MainProcess] Writing entries...
[2024-11-13 03:57:39,587: INFO/MainProcess] Writing entries...
[2024-11-13 04:00:00,001: INFO/MainProcess] Scheduler: Sending due task celery.backend_cleanup (celery.backend_cleanup)
[2024-11-13 04:00:40,119: INFO/MainProcess] Writing entries...
[2024-11-13 04:03:40,641: INFO/MainProcess] Writing entries...
[2024-11-13 04:06:41,140: INFO/MainProcess] Writing entries...
[2024-11-13 04:09:41,603: INFO/MainProcess] Writing entries...
[2024-11-13 04:12:42,121: INFO/MainProcess] Writing entries...
[2024-11-13 04:15:42,611: INFO/MainProcess] Writing entries...
[2024-11-13 04:18:43,121: INFO/MainProcess] Writing entries...
[2024-11-13 04:21:43,602: INFO/MainProcess] Writing entries...
[2024-11-13 04:24:44,115: INFO/MainProcess] Writing entries...
[2024-11-13 04:27:44,588: INFO/MainProcess] Writing entries...
[2024-11-13 04:30:45,056: INFO/MainProcess] Writing entries...
[2024-11-13 04:33:45,542: INFO/MainProcess] Writing entries...
[2024-11-13 04:36:46,042: INFO/MainProcess] Writing entries...
[2024-11-13 04:39:46,519: INFO/MainProcess] Writing entries...
[2024-11-13 04:42:47,004: INFO/MainProcess] Writing entries...
[2024-11-13 04:45:47,527: INFO/MainProcess] Writing entries...
[2024-11-13 04:48:48,018: INFO/MainProcess] Writing entries...
[2024-11-13 04:51:48,504: INFO/MainProcess] Writing entries...
[2024-11-13 04:54:48,986: INFO/MainProcess] Writing entries...
[2024-11-13 04:57:49,483: INFO/MainProcess] Writing entries...
[2024-11-13 05:00:49,996: INFO/MainProcess] Writing entries...
[2024-11-13 05:03:50,480: INFO/MainProcess] Writing entries...
[2024-11-13 05:06:50,973: INFO/MainProcess] Writing entries...
[2024-11-13 05:09:51,509: INFO/MainProcess] Writing entries...
[2024-11-13 05:12:51,994: INFO/MainProcess] Writing entries...
[2024-11-13 05:15:52,489: INFO/MainProcess] Writing entries...
[2024-11-13 05:18:53,054: INFO/MainProcess] Writing entries...
[2024-11-13 05:21:53,638: INFO/MainProcess] Writing entries...
[2024-11-13 05:24:54,350: INFO/MainProcess] Writing entries...
[2024-11-13 05:27:54,962: INFO/MainProcess] Writing entries...
[2024-11-13 05:30:55,509: INFO/MainProcess] Writing entries...
[2024-11-13 05:33:56,003: INFO/MainProcess] Writing entries...
[2024-11-13 05:36:56,646: INFO/MainProcess] Writing entries...
[2024-11-13 05:39:57,250: INFO/MainProcess] Writing entries...
[2024-11-13 05:42:57,838: INFO/MainProcess] Writing entries...
[2024-11-13 05:45:58,506: INFO/MainProcess] Writing entries...
[2024-11-13 05:48:59,109: INFO/MainProcess] Writing entries...
[2024-11-13 05:51:59,739: INFO/MainProcess] Writing entries...
[2024-11-13 05:55:00,433: INFO/MainProcess] Writing entries...
[2024-11-13 05:58:00,958: INFO/MainProcess] Writing entries...
[2024-11-13 06:01:01,453: INFO/MainProcess] Writing entries...
[2024-11-13 06:04:02,350: INFO/MainProcess] Writing entries...
[2024-11-13 06:07:02,978: INFO/MainProcess] Writing entries...
[2024-11-13 06:10:03,464: INFO/MainProcess] Writing entries...
[2024-11-13 06:12:23,139: INFO/MainProcess] Writing entries...
[2024-11-13 06:12:23,140: INFO/MainProcess] Writing entries...
[2024-11-13 06:12:23,156: INFO/MainProcess] Writing entries...
[2024-11-13 06:12:23,156: INFO/MainProcess] Writing entries...
[2024-11-13 06:12:52,850: INFO/MainProcess] beat: Starting...
[2024-11-13 06:12:52,863: INFO/MainProcess] Writing entries...
[2024-11-13 06:12:58,202: INFO/MainProcess] Writing entries...
[2024-11-13 06:15:59,226: INFO/MainProcess] Writing entries...
[2024-11-13 06:18:59,770: INFO/MainProcess] Writing entries...
[2024-11-13 06:22:00,339: INFO/MainProcess] Writing entries...
[2024-11-13 06:25:00,848: INFO/MainProcess] Writing entries...
[2024-11-13 06:28:01,344: INFO/MainProcess] Writing entries...
[2024-11-13 06:31:01,914: INFO/MainProcess] Writing entries...
