/root/.pyenv/versions/3.9.20/lib/python3.9/site-packages/celery/platforms.py:800: RuntimeWarning: You're running the worker with superuser privileges: this is
absolutely not recommended!

Please specify a different user using the --uid option.

User information: uid=0 euid=0 gid=0 egid=0

  warnings.warn(RuntimeWarning(ROOT_DISCOURAGED.format(
[2024-11-12 09:28:29,614: INFO/MainProcess] Connected to amqp://guest:**@127.0.0.1:5672//
[2024-11-12 09:28:29,654: WARNING/MainProcess] /root/.pyenv/versions/3.9.20/lib/python3.9/site-packages/celery/fixups/django.py:202: UserWarning: Using settings.DEBUG leads to a memory
            leak, never use this setting in production environments!
  warnings.warn('''Using settings.DEBUG leads to a memory
[2024-11-12 09:28:29,654: INFO/MainProcess] default-node@ph ready.

worker: Warm shutdown (MainProcess)
/root/.pyenv/versions/3.9.20/lib/python3.9/site-packages/celery/platforms.py:800: RuntimeWarning: You're running the worker with superuser privileges: this is
absolutely not recommended!

Please specify a different user using the --uid option.

User information: uid=0 euid=0 gid=0 egid=0

  warnings.warn(RuntimeWarning(ROOT_DISCOURAGED.format(
[2024-11-12 09:47:43,005: INFO/MainProcess] Connected to amqp://guest:**@127.0.0.1:5672//
[2024-11-12 09:47:43,058: WARNING/MainProcess] /root/.pyenv/versions/3.9.20/lib/python3.9/site-packages/celery/fixups/django.py:202: UserWarning: Using settings.DEBUG leads to a memory
            leak, never use this setting in production environments!
  warnings.warn('''Using settings.DEBUG leads to a memory
[2024-11-12 09:47:43,059: INFO/MainProcess] default-node@ph ready.

worker: Warm shutdown (MainProcess)
/root/.pyenv/versions/3.9.20/lib/python3.9/site-packages/celery/platforms.py:800: RuntimeWarning: You're running the worker with superuser privileges: this is
absolutely not recommended!

Please specify a different user using the --uid option.

User information: uid=0 euid=0 gid=0 egid=0

  warnings.warn(RuntimeWarning(ROOT_DISCOURAGED.format(
[2024-11-12 10:15:34,156: INFO/MainProcess] Connected to amqp://guest:**@127.0.0.1:5672//
[2024-11-12 10:15:34,196: WARNING/MainProcess] /root/.pyenv/versions/3.9.20/lib/python3.9/site-packages/celery/fixups/django.py:202: UserWarning: Using settings.DEBUG leads to a memory
            leak, never use this setting in production environments!
  warnings.warn('''Using settings.DEBUG leads to a memory
[2024-11-12 10:15:34,196: INFO/MainProcess] default-node@ph ready.

worker: Warm shutdown (MainProcess)
/root/.pyenv/versions/3.9.20/lib/python3.9/site-packages/celery/platforms.py:800: RuntimeWarning: You're running the worker with superuser privileges: this is
absolutely not recommended!

Please specify a different user using the --uid option.

User information: uid=0 euid=0 gid=0 egid=0

  warnings.warn(RuntimeWarning(ROOT_DISCOURAGED.format(
[2024-11-12 10:20:33,863: INFO/MainProcess] Connected to amqp://guest:**@127.0.0.1:5672//
[2024-11-12 10:20:33,898: INFO/MainProcess] default-node@ph ready.

worker: Warm shutdown (MainProcess)
/root/.pyenv/versions/3.9.20/lib/python3.9/site-packages/celery/platforms.py:800: RuntimeWarning: You're running the worker with superuser privileges: this is
absolutely not recommended!

Please specify a different user using the --uid option.

User information: uid=0 euid=0 gid=0 egid=0

  warnings.warn(RuntimeWarning(ROOT_DISCOURAGED.format(
[2024-11-12 10:27:37,027: INFO/MainProcess] Connected to amqp://guest:**@127.0.0.1:5672//
[2024-11-12 10:27:37,051: INFO/MainProcess] default-node@ph ready.
