/root/.pyenv/versions/3.9.20/lib/python3.9/site-packages/celery/platforms.py:800: RuntimeWarning: You're running the worker with superuser privileges: this is
absolutely not recommended!

Please specify a different user using the --uid option.

User information: uid=0 euid=0 gid=0 egid=0

  warnings.warn(RuntimeWarning(ROOT_DISCOURAGED.format(
[2024-11-12 09:28:28,994: INFO/MainProcess] Connected to amqp://guest:**@127.0.0.1:5672//
[2024-11-12 09:28:29,074: WARNING/MainProcess] /root/.pyenv/versions/3.9.20/lib/python3.9/site-packages/celery/fixups/django.py:202: UserWarning: Using settings.DEBUG leads to a memory
            leak, never use this setting in production environments!
  warnings.warn('''Using settings.DEBUG leads to a memory
[2024-11-12 09:28:29,084: INFO/MainProcess] data2-node@ph ready.

worker: Warm shutdown (MainProcess)
/root/.pyenv/versions/3.9.20/lib/python3.9/site-packages/celery/platforms.py:800: RuntimeWarning: You're running the worker with superuser privileges: this is
absolutely not recommended!

Please specify a different user using the --uid option.

User information: uid=0 euid=0 gid=0 egid=0

  warnings.warn(RuntimeWarning(ROOT_DISCOURAGED.format(
[2024-11-12 09:47:42,603: INFO/MainProcess] Connected to amqp://guest:**@127.0.0.1:5672//
[2024-11-12 09:47:42,723: WARNING/MainProcess] /root/.pyenv/versions/3.9.20/lib/python3.9/site-packages/celery/fixups/django.py:202: UserWarning: Using settings.DEBUG leads to a memory
            leak, never use this setting in production environments!
  warnings.warn('''Using settings.DEBUG leads to a memory
[2024-11-12 09:47:42,724: INFO/MainProcess] data2-node@ph ready.

worker: Warm shutdown (MainProcess)
/root/.pyenv/versions/3.9.20/lib/python3.9/site-packages/celery/platforms.py:800: RuntimeWarning: You're running the worker with superuser privileges: this is
absolutely not recommended!

Please specify a different user using the --uid option.

User information: uid=0 euid=0 gid=0 egid=0

  warnings.warn(RuntimeWarning(ROOT_DISCOURAGED.format(
[2024-11-12 10:15:33,823: INFO/MainProcess] Connected to amqp://guest:**@127.0.0.1:5672//
[2024-11-12 10:15:33,895: WARNING/MainProcess] /root/.pyenv/versions/3.9.20/lib/python3.9/site-packages/celery/fixups/django.py:202: UserWarning: Using settings.DEBUG leads to a memory
            leak, never use this setting in production environments!
  warnings.warn('''Using settings.DEBUG leads to a memory
[2024-11-12 10:15:33,895: INFO/MainProcess] data2-node@ph ready.

worker: Warm shutdown (MainProcess)
/root/.pyenv/versions/3.9.20/lib/python3.9/site-packages/celery/platforms.py:800: RuntimeWarning: You're running the worker with superuser privileges: this is
absolutely not recommended!

Please specify a different user using the --uid option.

User information: uid=0 euid=0 gid=0 egid=0

  warnings.warn(RuntimeWarning(ROOT_DISCOURAGED.format(
[2024-11-12 10:20:33,607: INFO/MainProcess] Connected to amqp://guest:**@127.0.0.1:5672//
[2024-11-12 10:20:33,658: INFO/MainProcess] data2-node@ph ready.

worker: Warm shutdown (MainProcess)
/root/.pyenv/versions/3.9.20/lib/python3.9/site-packages/celery/platforms.py:800: RuntimeWarning: You're running the worker with superuser privileges: this is
absolutely not recommended!

Please specify a different user using the --uid option.

User information: uid=0 euid=0 gid=0 egid=0

  warnings.warn(RuntimeWarning(ROOT_DISCOURAGED.format(
[2024-11-12 10:27:36,708: INFO/MainProcess] Connected to amqp://guest:**@127.0.0.1:5672//
[2024-11-12 10:27:36,762: INFO/MainProcess] data2-node@ph ready.
